<?xml version="1.0" encoding="UTF-8"?>
<testsuite name="TypecheckTest" tests="1" skipped="0" failures="0" errors="0" timestamp="2017-10-30T23:22:43" hostname="wifi-131-179-55-168.host.ucla.edu" time="0.002">
  <properties/>
  <testcase name="testAppHasAGreeting" classname="TypecheckTest" time="0.002"/>
  <system-out><![CDATA[]]></system-out>
  <system-err><![CDATA[]]></system-err>
</testsuite>
