<?xml version="1.0" encoding="UTF-8"?>
<testsuite name="TypecheckTest" tests="1" skipped="0" failures="0" errors="0" timestamp="2017-10-29T09:18:00" hostname="jahan-linux-mint" time="0.0">
  <properties/>
  <testcase name="testAppHasAGreeting" classname="TypecheckTest" time="0.0"/>
  <system-out><![CDATA[]]></system-out>
  <system-err><![CDATA[]]></system-err>
</testsuite>
