<?xml version="1.0" encoding="UTF-8"?>
<testsuite name="J2VTest" tests="1" skipped="0" failures="0" errors="0" timestamp="2017-11-19T18:33:35" hostname="jahan-linux-mint" time="0.001">
  <properties/>
  <testcase name="testAppHasAGreeting" classname="J2VTest" time="0.001"/>
  <system-out><![CDATA[]]></system-out>
  <system-err><![CDATA[]]></system-err>
</testsuite>
