<?xml version="1.0" encoding="UTF-8"?>
<testsuite name="J2VTest" tests="1" skipped="0" failures="0" errors="0" timestamp="2017-11-18T04:46:19" hostname="Jahan-MacBook-Pro.lan" time="0.003">
  <properties/>
  <testcase name="testAppHasAGreeting" classname="J2VTest" time="0.003"/>
  <system-out><![CDATA[]]></system-out>
  <system-err><![CDATA[]]></system-err>
</testsuite>
