<?xml version="1.0" encoding="UTF-8"?>
<testsuite name="V2VMTest" tests="1" skipped="0" failures="0" errors="0" timestamp="2017-11-29T01:19:59" hostname="wifi-131-179-54-161.host.ucla.edu" time="0.002">
  <properties/>
  <testcase name="testAppHasAGreeting" classname="V2VMTest" time="0.002"/>
  <system-out><![CDATA[]]></system-out>
  <system-err><![CDATA[]]></system-err>
</testsuite>
